<?xml version="1.0" encoding="UTF-8"?>
<!-- Generated by org.testng.reporters.JUnitReportReporter -->
<testsuite hostname="DESKTOP-STB04T3" failures="0" tests="1" name="Pack1.DugAndDroop" time="13.180" errors="0" timestamp="2021-07-14T19:32:57 EDT" skipped="0">
  <testcase classname="Pack1.DugAndDroop" name="DrugAndDrop1" time="13.180"/>
  <system-out/>
</testsuite> <!-- Pack1.DugAndDroop -->
