<?xml version="1.0" encoding="UTF-8"?>
<!-- Generated by org.testng.reporters.JUnitReportReporter -->
<testsuite hostname="DESKTOP-STB04T3" failures="0" tests="1" name="Pack1.LeftClickTest" time="9.212" errors="0" timestamp="2021-07-14T20:31:24 EDT" skipped="0">
  <testcase classname="Pack1.LeftClickTest" name="leftClickTest" time="9.212"/>
  <system-out/>
</testsuite> <!-- Pack1.LeftClickTest -->
