<?xml version="1.0" encoding="UTF-8"?>
<!-- Generated by org.testng.reporters.JUnitReportReporter -->
<testsuite hostname="DESKTOP-STB04T3" failures="0" tests="1" name="Pack1.DoubleClickTest" time="8.645" errors="0" timestamp="2021-07-14T19:06:33 EDT" skipped="0">
  <testcase classname="Pack1.DoubleClickTest" name="doubleClickConext" time="8.645"/>
  <system-out/>
</testsuite> <!-- Pack1.DoubleClickTest -->
