<?xml version="1.0" encoding="UTF-8"?>
<!-- Generated by org.testng.reporters.JUnitReportReporter -->
<testsuite hostname="DESKTOP-STB04T3" failures="0" tests="1" name="Pack1.SendKeys" time="6.876" errors="0" timestamp="2021-07-14T20:05:02 EDT" skipped="0">
  <testcase classname="Pack1.SendKeys" name="sendKeys" time="6.876"/>
  <system-out/>
</testsuite> <!-- Pack1.SendKeys -->
