<?xml version="1.0" encoding="UTF-8"?>
<!-- Generated by org.testng.reporters.JUnitReportReporter -->
<testsuite hostname="DESKTOP-STB04T3" failures="0" tests="1" name="Pack1.MouveToTest" time="8.820" errors="0" timestamp="2021-07-14T19:44:49 EDT" skipped="0">
  <testcase classname="Pack1.MouveToTest" name="moveTo" time="8.820"/>
  <system-out/>
</testsuite> <!-- Pack1.MouveToTest -->
