<?xml version="1.0" encoding="UTF-8"?>
<!-- Generated by org.testng.reporters.JUnitReportReporter -->
<testsuite hostname="DESKTOP-STB04T3" failures="0" tests="1" name="Pack1.ContextClickTest" time="3.802" errors="0" timestamp="2021-07-14T18:49:28 EDT" skipped="0">
  <testcase classname="Pack1.ContextClickTest" name="clickConext" time="3.802"/>
  <system-out/>
</testsuite> <!-- Pack1.ContextClickTest -->
