<?xml version="1.0" encoding="UTF-8"?>
<!-- Generated by org.testng.reporters.JUnitReportReporter -->
<testsuite hostname="DESKTOP-STB04T3" failures="0" tests="2" name="Pack1.DugAndDroop" time="15.489" errors="0" timestamp="2021-07-14T21:07:52 EDT" skipped="0">
  <testcase classname="Pack1.DugAndDroop" name="DrugAndDrop1" time="11.203"/>
  <system-out/>
  <testcase classname="Pack1.DugAndDroop" name="DrugAndDrop" time="4.286"/>
  <system-out/>
</testsuite> <!-- Pack1.DugAndDroop -->
